<?xml version="1.0" encoding="UTF-8"?>
<!-- Generated by org.testng.reporters.JUnitReportReporter -->
<testsuite skipped="0" hostname="EPBYMINW2702" name="by.tc.ts.test.unit.ShowQuestionListTest" tests="3" failures="0" timestamp="27 Oct 2016 17:46:04 GMT" time="0.017" errors="0">
  <testcase name="positiveTestSecond" time="0.004" classname="by.tc.ts.test.unit.ShowQuestionListTest"/>
  <testcase name="negativeTest" time="0.001" classname="by.tc.ts.test.unit.ShowQuestionListTest"/>
  <testcase name="positiveTest" time="0.012" classname="by.tc.ts.test.unit.ShowQuestionListTest"/>
</testsuite> <!-- by.tc.ts.test.unit.ShowQuestionListTest -->
