<?xml version="1.0" encoding="UTF-8"?>
<!-- Generated by org.testng.reporters.JUnitReportReporter -->
<testsuite skipped="0" hostname="EPBYMINW2702" name="by.tc.ts.test.unit.SetNewQuestionTest" tests="2" failures="0" timestamp="27 Oct 2016 17:46:04 GMT" time="0.193" errors="0">
  <testcase name="positivTest" time="0.191" classname="by.tc.ts.test.unit.SetNewQuestionTest"/>
  <testcase name="negativeTestOne" time="0.002" classname="by.tc.ts.test.unit.SetNewQuestionTest"/>
</testsuite> <!-- by.tc.ts.test.unit.SetNewQuestionTest -->
