<?xml version="1.0" encoding="UTF-8"?>
<!-- Generated by org.testng.reporters.JUnitReportReporter -->
<testsuite skipped="0" hostname="EPBYMINW2702" name="by.tc.ts.test.unit.ShowSubjectListTest" tests="2" failures="0" timestamp="27 Oct 2016 17:46:04 GMT" time="0.087" errors="0">
  <testcase name="positiveTest" time="0.082" classname="by.tc.ts.test.unit.ShowSubjectListTest"/>
  <testcase name="secondPositiveTest" time="0.005" classname="by.tc.ts.test.unit.ShowSubjectListTest"/>
</testsuite> <!-- by.tc.ts.test.unit.ShowSubjectListTest -->
