<?xml version="1.0" encoding="UTF-8"?>
<!-- Generated by org.testng.reporters.JUnitReportReporter -->
<testsuite skipped="0" hostname="EPBYMINW2702" name="by.tc.ts.test.unit.GoTestingUnitTest" tests="2" failures="0" timestamp="27 Oct 2016 17:46:04 GMT" time="0.013" errors="0">
  <testcase name="positiveTest" time="0.004" classname="by.tc.ts.test.unit.GoTestingUnitTest"/>
  <testcase name="negativTest" time="0.009" classname="by.tc.ts.test.unit.GoTestingUnitTest"/>
</testsuite> <!-- by.tc.ts.test.unit.GoTestingUnitTest -->
