<?xml version="1.0" encoding="UTF-8"?>
<!-- Generated by org.testng.reporters.JUnitReportReporter -->
<testsuite skipped="0" hostname="EPBYMINW2702" name="by.tc.ts.test.unit.SetNewSubjectTest" tests="2" failures="0" timestamp="27 Oct 2016 17:46:04 GMT" time="0.269" errors="0">
  <testcase name="negativeTestOne" time="0.003" classname="by.tc.ts.test.unit.SetNewSubjectTest"/>
  <testcase name="positiveTest" time="0.266" classname="by.tc.ts.test.unit.SetNewSubjectTest"/>
</testsuite> <!-- by.tc.ts.test.unit.SetNewSubjectTest -->
